2024-07-16 16:19:15,269 - web.management.commands.backup_db - INFO - Database backup command executed.
2024-07-16 16:19:15,269 - web.management.commands.backup_db - INFO - Backup file moved from /var/opt/mssql/data/TestDB3_backup_07162024161915.bak to /home/xx/xx/git/Internship_GRADEL/database/backups/TestDB3_backup_07162024161915.bak.
2024-07-16 16:19:15,269 - web.management.commands.backup_db - INFO - Database backup created at /home/xx/xx/git/Internship_GRADEL/database/backups/TestDB3_backup_07162024161915.bak.
2024-07-16 16:30:34,133 - web.management.commands.backup_db - INFO - Database backup command executed.
2024-07-16 16:30:34,133 - web.management.commands.backup_db - INFO - Backup file moved from /var/opt/mssql/data/TestDB3_backup_07162024163033.bak to /home/xx/xx/git/Internship_GRADEL/database/backups/TestDB3_backup_07162024163033.bak.
2024-07-16 16:30:34,134 - web.management.commands.backup_db - INFO - Database backup created at /home/xx/xx/git/Internship_GRADEL/database/backups/TestDB3_backup_07162024163033.bak.
2024-07-16 16:44:03,302 - web.management.commands.backup_db - INFO - Database backup command executed.
2024-07-16 16:44:03,302 - web.management.commands.backup_db - INFO - Backup file moved from /var/opt/mssql/data/TestDB3_backup_07162024164403.bak to /home/xx/xx/git/Internship_GRADEL/database/backups/TestDB3_backup_07162024164403.bak.
2024-07-16 16:44:03,302 - web.management.commands.backup_db - INFO - Database backup created at /home/xx/xx/git/Internship_GRADEL/database/backups/TestDB3_backup_07162024164403.bak.
2024-07-16 16:53:25,427 - web.management.commands.backup_db - INFO - Database backup command executed.
2024-07-16 16:53:25,428 - web.management.commands.backup_db - INFO - Backup file moved from /var/opt/mssql/data/TestDB3_backup_07162024165325.bak to /home/xx/xx/git/Internship_GRADEL/database/backups/TestDB3_backup_07162024165325.bak.
2024-07-16 16:53:25,428 - web.management.commands.backup_db - INFO - Database backup created at /home/xx/xx/git/Internship_GRADEL/database/backups/TestDB3_backup_07162024165325.bak.
2024-07-16 17:45:57,888 - web.management.commands.backup_db - INFO - Database backup command executed.
2024-07-16 17:45:57,888 - web.management.commands.backup_db - ERROR - Error executing backup command: [Errno 2] No such file or directory: '/var/opt/mssql/data/TestDB3_backup_07162024174557.bak'
2024-07-16 17:45:57,888 - web.management.commands.backup_db - ERROR - Failed to create backup file.
2024-07-16 17:50:20,255 - web.management.commands.backup_db - INFO - Database backup command executed.
2024-07-16 17:50:20,255 - web.management.commands.backup_db - INFO - Backup file moved from /var/opt/mssql/data/TestDB3_backup_07162024175020.bak to /home/xx/xx/git/Internship_GRADEL/database/backups/TestDB3_backup_07162024175020.bak.
2024-07-16 17:50:20,255 - web.management.commands.backup_db - INFO - Database backup created at /home/xx/xx/git/Internship_GRADEL/database/backups/TestDB3_backup_07162024175020.bak.
2024-07-16 18:08:00,042 - web.management.commands.backup_db - INFO - Database backup command executed.
2024-07-16 18:08:00,043 - web.management.commands.backup_db - ERROR - Error executing backup command: [Errno 13] Permission denied: '/var/opt/mssql/data/TestDB3_backup_07162024180800.bak'
2024-07-16 18:08:00,043 - web.management.commands.backup_db - ERROR - Failed to create backup file.
